# JRE version: OpenJDK Runtime Environment (8.0_112-b06) (build 1.8.0_112-release-b06)
# Java VM: OpenJDK 64-Bit Server VM (25.112-b06 mixed mode windows-amd64 compressed oops)
Heap:
 PSYoungGen      total 446976K, used 384230K [0x00000000e0000000, 0x0000000100000000, 0x0000000100000000)
  eden space 369152K, 100% used [0x00000000e0000000,0x00000000f6880000,0x00000000f6880000)
  from space 77824K, 19% used [0x00000000fb200000,0x00000000fc0b9bb0,0x00000000ffe00000)
  to   space 75264K, 8% used [0x00000000f6880000,0x00000000f6f04ca8,0x00000000fb200000)
 ParOldGen       total 249344K, used 168047K [0x00000000a0000000, 0x00000000af380000, 0x00000000e0000000)
  object space 249344K, 67% used [0x00000000a0000000,0x00000000aa41bd70,0x00000000af380000)
 Metaspace       used 76739K, capacity 83056K, committed 83416K, reserved 1122304K
  class space    used 9680K, capacity 10451K, committed 10712K, reserved 1048576K
GC Heap History (10 events):
Event: 5492.857 GC heap after
Heap after GC invocations=34 (full 4):
 PSYoungGen      total 438784K, used 12041K [0x00000000e0000000, 0x00000000fff00000, 0x0000000100000000)
  eden space 360960K, 0% used [0x00000000e0000000,0x00000000e0000000,0x00000000f6080000)
  from space 77824K, 15% used [0x00000000fad80000,0x00000000fb9424d0,0x00000000ff980000)
  to   space 78848K, 0% used [0x00000000f6080000,0x00000000f6080000,0x00000000fad80000)
 ParOldGen       total 249344K, used 167099K [0x00000000a0000000, 0x00000000af380000, 0x00000000e0000000)
  object space 249344K, 67% used [0x00000000a0000000,0x00000000aa32ed40,0x00000000af380000)
 Metaspace       used 75649K, capacity 81154K, committed 81496K, reserved 1120256K
  class space    used 9569K, capacity 10316K, committed 10584K, reserved 1048576K
}
Event: 6158.209 GC heap before
{Heap before GC invocations=35 (full 4):
 PSYoungGen      total 438784K, used 373001K [0x00000000e0000000, 0x00000000fff00000, 0x0000000100000000)
  eden space 360960K, 100% used [0x00000000e0000000,0x00000000f6080000,0x00000000f6080000)
  from space 77824K, 15% used [0x00000000fad80000,0x00000000fb9424d0,0x00000000ff980000)
  to   space 78848K, 0% used [0x00000000f6080000,0x00000000f6080000,0x00000000fad80000)
 ParOldGen       total 249344K, used 167099K [0x00000000a0000000, 0x00000000af380000, 0x00000000e0000000)
  object space 249344K, 67% used [0x00000000a0000000,0x00000000aa32ed40,0x00000000af380000)
 Metaspace       used 75903K, capacity 81576K, committed 82008K, reserved 1120256K
  class space    used 9596K, capacity 10351K, committed 10584K, reserved 1048576K
Event: 6158.221 GC heap after
Heap after GC invocations=35 (full 4):
 PSYoungGen      total 439808K, used 6396K [0x00000000e0000000, 0x0000000100000000, 0x0000000100000000)
  eden space 360960K, 0% used [0x00000000e0000000,0x00000000e0000000,0x00000000f6080000)
  from space 78848K, 8% used [0x00000000f6080000,0x00000000f66bf118,0x00000000fad80000)
  to   space 79360K, 0% used [0x00000000fb280000,0x00000000fb280000,0x0000000100000000)
 ParOldGen       total 249344K, used 168023K [0x00000000a0000000, 0x00000000af380000, 0x00000000e0000000)
  object space 249344K, 67% used [0x00000000a0000000,0x00000000aa415d70,0x00000000af380000)
 Metaspace       used 75903K, capacity 81576K, committed 82008K, reserved 1120256K
  class space    used 9596K, capacity 10351K, committed 10584K, reserved 1048576K
}
Event: 6488.218 GC heap before
{Heap before GC invocations=36 (full 4):
 PSYoungGen      total 439808K, used 367356K [0x00000000e0000000, 0x0000000100000000, 0x0000000100000000)
  eden space 360960K, 100% used [0x00000000e0000000,0x00000000f6080000,0x00000000f6080000)
  from space 78848K, 8% used [0x00000000f6080000,0x00000000f66bf118,0x00000000fad80000)
  to   space 79360K, 0% used [0x00000000fb280000,0x00000000fb280000,0x0000000100000000)
 ParOldGen       total 249344K, used 168023K [0x00000000a0000000, 0x00000000af380000, 0x00000000e0000000)
  object space 249344K, 67% used [0x00000000a0000000,0x00000000aa415d70,0x00000000af380000)
 Metaspace       used 76141K, capacity 82040K, committed 82392K, reserved 1120256K
  class space    used 9620K, capacity 10381K, committed 10712K, reserved 1048576K
Event: 6488.234 GC heap after
Heap after GC invocations=36 (full 4):
 PSYoungGen      total 444928K, used 10365K [0x00000000e0000000, 0x00000000fff80000, 0x0000000100000000)
  eden space 366080K, 0% used [0x00000000e0000000,0x00000000e0000000,0x00000000f6580000)
  from space 78848K, 13% used [0x00000000fb280000,0x00000000fbc9f450,0x00000000fff80000)
  to   space 78848K, 0% used [0x00000000f6580000,0x00000000f6580000,0x00000000fb280000)
 ParOldGen       total 249344K, used 168031K [0x00000000a0000000, 0x00000000af380000, 0x00000000e0000000)
  object space 249344K, 67% used [0x00000000a0000000,0x00000000aa417d70,0x00000000af380000)
 Metaspace       used 76141K, capacity 82040K, committed 82392K, reserved 1120256K
  class space    used 9620K, capacity 10381K, committed 10712K, reserved 1048576K
}
Event: 6691.390 GC heap before
{Heap before GC invocations=37 (full 4):
 PSYoungGen      total 444928K, used 376063K [0x00000000e0000000, 0x00000000fff80000, 0x0000000100000000)
  eden space 366080K, 99% used [0x00000000e0000000,0x00000000f65208e8,0x00000000f6580000)
  from space 78848K, 13% used [0x00000000fb280000,0x00000000fbc9f450,0x00000000fff80000)
  to   space 78848K, 0% used [0x00000000f6580000,0x00000000f6580000,0x00000000fb280000)
 ParOldGen       total 249344K, used 168031K [0x00000000a0000000, 0x00000000af380000, 0x00000000e0000000)
  object space 249344K, 67% used [0x00000000a0000000,0x00000000aa417d70,0x00000000af380000)
 Metaspace       used 76334K, capacity 82356K, committed 82904K, reserved 1122304K
  class space    used 9635K, capacity 10397K, committed 10712K, reserved 1048576K
Event: 6691.402 GC heap after
Heap after GC invocations=37 (full 4):
 PSYoungGen      total 374272K, used 7882K [0x00000000e0000000, 0x00000000ffe00000, 0x0000000100000000)
  eden space 366080K, 0% used [0x00000000e0000000,0x00000000e0000000,0x00000000f6580000)
  from space 8192K, 96% used [0x00000000f6580000,0x00000000f6d32840,0x00000000f6d80000)
  to   space 77824K, 0% used [0x00000000fb200000,0x00000000fb200000,0x00000000ffe00000)
 ParOldGen       total 249344K, used 168039K [0x00000000a0000000, 0x00000000af380000, 0x00000000e0000000)
  object space 249344K, 67% used [0x00000000a0000000,0x00000000aa419d70,0x00000000af380000)
 Metaspace       used 76334K, capacity 82356K, committed 82904K, reserved 1122304K
  class space    used 9635K, capacity 10397K, committed 10712K, reserved 1048576K
}
Event: 6812.163 GC heap before
{Heap before GC invocations=38 (full 4):
 PSYoungGen      total 374272K, used 373962K [0x00000000e0000000, 0x00000000ffe00000, 0x0000000100000000)
  eden space 366080K, 100% used [0x00000000e0000000,0x00000000f6580000,0x00000000f6580000)
  from space 8192K, 96% used [0x00000000f6580000,0x00000000f6d32840,0x00000000f6d80000)
  to   space 77824K, 0% used [0x00000000fb200000,0x00000000fb200000,0x00000000ffe00000)
 ParOldGen       total 249344K, used 168039K [0x00000000a0000000, 0x00000000af380000, 0x00000000e0000000)
  object space 249344K, 67% used [0x00000000a0000000,0x00000000aa419d70,0x00000000af380000)
 Metaspace       used 76555K, capacity 82718K, committed 83160K, reserved 1122304K
  class space    used 9661K, capacity 10432K, committed 10712K, reserved 1048576K
Event: 6812.180 GC heap after
Heap after GC invocations=38 (full 4):
 PSYoungGen      total 446976K, used 15078K [0x00000000e0000000, 0x0000000100000000, 0x0000000100000000)
  eden space 369152K, 0% used [0x00000000e0000000,0x00000000e0000000,0x00000000f6880000)
  from space 77824K, 19% used [0x00000000fb200000,0x00000000fc0b9bb0,0x00000000ffe00000)
  to   space 75264K, 0% used [0x00000000f6880000,0x00000000f6880000,0x00000000fb200000)
 ParOldGen       total 249344K, used 168047K [0x00000000a0000000, 0x00000000af380000, 0x00000000e0000000)
  object space 249344K, 67% used [0x00000000a0000000,0x00000000aa41bd70,0x00000000af380000)
 Metaspace       used 76555K, capacity 82718K, committed 83160K, reserved 1122304K
  class space    used 9661K, capacity 10432K, committed 10712K, reserved 1048576K
}
Event: 11337.467 GC heap before
{Heap before GC invocations=39 (full 4):
 PSYoungGen      total 446976K, used 384230K [0x00000000e0000000, 0x0000000100000000, 0x0000000100000000)
  eden space 369152K, 100% used [0x00000000e0000000,0x00000000f6880000,0x00000000f6880000)
  from space 77824K, 19% used [0x00000000fb200000,0x00000000fc0b9bb0,0x00000000ffe00000)
  to   space 75264K, 0% used [0x00000000f6880000,0x00000000f6880000,0x00000000fb200000)
 ParOldGen       total 249344K, used 168047K [0x00000000a0000000, 0x00000000af380000, 0x00000000e0000000)
  object space 249344K, 67% used [0x00000000a0000000,0x00000000aa41bd70,0x00000000af380000)
 Metaspace       used 76739K, capacity 83056K, committed 83416K, reserved 1122304K
  class space    used 9680K, capacity 10451K, committed 10712K, reserved 1048576K

